[debug] [2021-06-27T19:50:26.743Z] ----------------------------------------------------------------------
[debug] [2021-06-27T19:50:26.745Z] Command:       /home/charliedeus/.nvm/versions/node/v14.15.3/bin/node /home/charliedeus/.nvm/versions/node/v14.15.3/bin/firebase init
[debug] [2021-06-27T19:50:26.745Z] CLI Version:   9.14.0
[debug] [2021-06-27T19:50:26.745Z] Platform:      linux
[debug] [2021-06-27T19:50:26.745Z] Node Version:  v14.15.3
[debug] [2021-06-27T19:50:26.745Z] Time:          Sun Jun 27 2021 16:50:26 GMT-0300 (Brasilia Standard Time)
[debug] [2021-06-27T19:50:26.746Z] ----------------------------------------------------------------------
[debug] 
[debug] [2021-06-27T19:50:26.749Z] > command requires scopes: ["email","openid","https://www.googleapis.com/auth/cloudplatformprojects.readonly","https://www.googleapis.com/auth/firebase","https://www.googleapis.com/auth/cloud-platform"]
[debug] [2021-06-27T19:50:26.749Z] > authorizing via signed-in user (charliedeus@gmail.com)
[info] 
     ######## #### ########  ######## ########     ###     ######  ########
     ##        ##  ##     ## ##       ##     ##  ##   ##  ##       ##
     ######    ##  ########  ######   ########  #########  ######  ######
     ##        ##  ##    ##  ##       ##     ## ##     ##       ## ##
     ##       #### ##     ## ######## ########  ##     ##  ######  ########

You're about to initialize a Firebase project in this directory:

  /home/charliedeus/development/courses/rocketseat/nlw06/letmeask

[info] 
=== Project Setup
[info] 
[info] First, let's associate this project directory with a Firebase project.
[info] You can create multiple project aliases by running firebase use --add, 
[info] but for now we'll just set up a default project.
[info] 
[debug] [2021-06-27T19:50:36.732Z] > refreshing access token with scopes: []
[debug] [2021-06-27T19:50:36.732Z] >>> HTTP REQUEST POST https://www.googleapis.com/oauth2/v3/token  
 <request body omitted>
[debug] [2021-06-27T19:50:37.015Z] <<< HTTP RESPONSE 200 {"date":"Sun, 27 Jun 2021 19:50:35 GMT","cache-control":"no-cache, no-store, max-age=0, must-revalidate","pragma":"no-cache","expires":"Mon, 01 Jan 1990 00:00:00 GMT","content-type":"application/json; charset=utf-8","vary":"X-Origin, Referer, Origin,Accept-Encoding","server":"scaffolding on HTTPServer2","x-xss-protection":"0","x-frame-options":"SAMEORIGIN","x-content-type-options":"nosniff","alt-svc":"h3=\":443\"; ma=2592000,h3-29=\":443\"; ma=2592000,h3-T051=\":443\"; ma=2592000,h3-Q050=\":443\"; ma=2592000,h3-Q046=\":443\"; ma=2592000,h3-Q043=\":443\"; ma=2592000,quic=\":443\"; ma=2592000; v=\"46,43\"","accept-ranges":"none","transfer-encoding":"chunked"}
[debug] [2021-06-27T19:50:37.062Z] >>> [apiv2][query] GET https://firebase.googleapis.com/v1beta1/projects pageSize=100
[debug] [2021-06-27T19:50:38.197Z] <<< [apiv2][status] GET https://firebase.googleapis.com/v1beta1/projects 200
[debug] [2021-06-27T19:50:38.198Z] <<< [apiv2][body] GET https://firebase.googleapis.com/v1beta1/projects [omitted]
[info] i  Using project letmeask-deus (letmeask-deus) 
[info] 
=== Database Setup
[info] i  database: ensuring required API firebasedatabase.googleapis.com is enabled... 
[debug] [2021-06-27T19:50:40.261Z] > refreshing access token with scopes: ["email","https://www.googleapis.com/auth/cloud-platform","https://www.googleapis.com/auth/cloudplatformprojects.readonly","https://www.googleapis.com/auth/firebase","openid"]
[debug] [2021-06-27T19:50:40.261Z] >>> HTTP REQUEST POST https://www.googleapis.com/oauth2/v3/token  
 <request body omitted>
[debug] [2021-06-27T19:50:40.581Z] <<< HTTP RESPONSE 200 {"cache-control":"no-cache, no-store, max-age=0, must-revalidate","pragma":"no-cache","expires":"Mon, 01 Jan 1990 00:00:00 GMT","date":"Sun, 27 Jun 2021 19:50:38 GMT","content-type":"application/json; charset=utf-8","vary":"X-Origin, Referer, Origin,Accept-Encoding","server":"scaffolding on HTTPServer2","x-xss-protection":"0","x-frame-options":"SAMEORIGIN","x-content-type-options":"nosniff","alt-svc":"h3=\":443\"; ma=2592000,h3-29=\":443\"; ma=2592000,h3-T051=\":443\"; ma=2592000,h3-Q050=\":443\"; ma=2592000,h3-Q046=\":443\"; ma=2592000,h3-Q043=\":443\"; ma=2592000,quic=\":443\"; ma=2592000; v=\"46,43\"","accept-ranges":"none","transfer-encoding":"chunked"}
[debug] [2021-06-27T19:50:40.590Z] >>> HTTP REQUEST GET https://serviceusage.googleapis.com/v1/projects/letmeask-deus/services/firebasedatabase.googleapis.com  
 
[debug] [2021-06-27T19:50:41.678Z] <<< HTTP RESPONSE 200 {"content-type":"application/json; charset=UTF-8","vary":"X-Origin, Referer, Origin,Accept-Encoding","date":"Sun, 27 Jun 2021 19:50:39 GMT","server":"ESF","cache-control":"private","x-xss-protection":"0","x-frame-options":"SAMEORIGIN","x-content-type-options":"nosniff","alt-svc":"h3=\":443\"; ma=2592000,h3-29=\":443\"; ma=2592000,h3-T051=\":443\"; ma=2592000,h3-Q050=\":443\"; ma=2592000,h3-Q046=\":443\"; ma=2592000,h3-Q043=\":443\"; ma=2592000,quic=\":443\"; ma=2592000; v=\"46,43\"","accept-ranges":"none","transfer-encoding":"chunked"}
[info] ✔  database: required API firebasedatabase.googleapis.com is enabled 
[info] 
[debug] [2021-06-27T19:50:41.680Z] >>> HTTP REQUEST GET https://firebasedatabase.googleapis.com/v1beta/projects/letmeask-deus/locations/-/instances/letmeask-deus-default-rtdb  
 
[debug] [2021-06-27T19:50:42.894Z] <<< HTTP RESPONSE 200 {"content-type":"application/json; charset=UTF-8","vary":"X-Origin, Referer, Origin,Accept-Encoding","date":"Sun, 27 Jun 2021 19:50:40 GMT","server":"ESF","cache-control":"private","x-xss-protection":"0","x-frame-options":"SAMEORIGIN","x-content-type-options":"nosniff","alt-svc":"h3=\":443\"; ma=2592000,h3-29=\":443\"; ma=2592000,h3-T051=\":443\"; ma=2592000,h3-Q050=\":443\"; ma=2592000,h3-Q046=\":443\"; ma=2592000,h3-Q043=\":443\"; ma=2592000,quic=\":443\"; ma=2592000; v=\"46,43\"","accept-ranges":"none","transfer-encoding":"chunked"}
[info] 
[info] Firebase Realtime Database Security Rules allow you to define how your data should be
[info] structured and when your data can be read from and written to.
[info] 
[debug] [2021-06-27T19:50:44.624Z] >>> HTTP REQUEST GET https://letmeask-deus-default-rtdb.firebaseio.com/.settings/rules.json  
 
[debug] [2021-06-27T19:50:45.516Z] <<< HTTP RESPONSE 200 {"server":"nginx","date":"Sun, 27 Jun 2021 19:50:43 GMT","content-type":"application/json; charset=utf-8","content-length":"592","connection":"keep-alive","access-control-allow-origin":"*","cache-control":"no-cache","strict-transport-security":"max-age=31556926; includeSubDomains; preload"}
[info] ✔  Database Rules for letmeask-deus-default-rtdb have been written to database.rules.json. 
[info] Future modifications to database.rules.json will update Realtime Database Security Rules when you run
[info] firebase deploy.
[info] 
=== Hosting Setup
[info] 
[info] Your public directory is the folder (relative to your project directory) that
[info] will contain Hosting assets to be uploaded with firebase deploy. If you
[info] have a build process for your assets, use your build's output directory.
[info] 
[debug] [2021-06-27T19:51:53.556Z] >>> [apiv2][query] GET https://www.gstatic.com/firebasejs/releases.json [none]
[debug] [2021-06-27T19:51:53.841Z] <<< [apiv2][status] GET https://www.gstatic.com/firebasejs/releases.json 200
[debug] [2021-06-27T19:51:53.841Z] <<< [apiv2][body] GET https://www.gstatic.com/firebasejs/releases.json {"current":{"version":"8.6.8","browserURL":"https://www.gstatic.com/firebasejs/8.6.8/firebase.js","packageURL":"https://www.gstatic.com/firebasejs/8.6.8/firebase.tgz"},"live":{"version":"8.6","browserURL":"https://www.gstatic.com/firebasejs/live/8.6/firebase.js","packageURL":"https://www.gstatic.com/firebasejs/live/8.6/firebase.tgz"},"components":{"analytics":"https://www.gstatic.com/firebasejs/8.6.8/firebase-analytics.js","app":"https://www.gstatic.com/firebasejs/8.6.8/firebase-app.js","app-check":"https://www.gstatic.com/firebasejs/8.6.8/firebase-app-check.js","auth":"https://www.gstatic.com/firebasejs/8.6.8/firebase-auth.js","database":"https://www.gstatic.com/firebasejs/8.6.8/firebase-database.js","firestore":"https://www.gstatic.com/firebasejs/8.6.8/firebase-firestore.js","functions":"https://www.gstatic.com/firebasejs/8.6.8/firebase-functions.js","installations":"https://www.gstatic.com/firebasejs/8.6.8/firebase-installations.js","messaging":"https://www.gstatic.com/firebasejs/8.6.8/firebase-messaging.js","storage":"https://www.gstatic.com/firebasejs/8.6.8/firebase-storage.js","performance":"https://www.gstatic.com/firebasejs/8.6.8/firebase-performance.js","remote-config":"https://www.gstatic.com/firebasejs/8.6.8/firebase-remote-config.js","firestore.memory":"https://www.gstatic.com/firebasejs/8.6.8/firebase-firestore.memory.js"}}
[info] ✔  Wrote build/index.html 
[info] 
[info] i  Detected a .git folder at /home/charliedeus/development/courses/rocketseat/nlw06/letmeask 
[info] i  Authorizing with GitHub to upload your service account to a GitHub repository's secrets store. 
[info] 
[info] Visit this URL on this device to log in:
[info] https://github.com/login/oauth/authorize?client_id=89cf50f02ac6aaed3484&state=854948602&redirect_uri=http%3A%2F%2Flocalhost%3A9005&scope=read%3Auser%20repo%20public_repo
[info] 
[info] Waiting for authentication...
[debug] [2021-06-27T19:52:14.196Z] >>> HTTP REQUEST POST https://github.com/login/oauth/access_token  
 {"client_id":"89cf50f02ac6aaed3484","client_secret":"3330d14abc895d9a74d5f17cd7a00711fa2c5bf0","code":"42eb1062eb5e91d02848","redirect_uri":"http://localhost:9005","state":"854948602"}
[debug] [2021-06-27T19:52:14.735Z] <<< HTTP RESPONSE 200 {"server":"GitHub.com","date":"Sun, 27 Jun 2021 19:52:12 GMT","content-type":"application/json; charset=utf-8","transfer-encoding":"chunked","vary":"X-PJAX, Accept-Encoding, Accept, X-Requested-With","permissions-policy":"interest-cohort=()","etag":"W/\"64c180dd2533273c845ee02c5270927f\"","cache-control":"max-age=0, private, must-revalidate","strict-transport-security":"max-age=31536000; includeSubdomains; preload","x-frame-options":"deny","x-content-type-options":"nosniff","x-xss-protection":"0","referrer-policy":"origin-when-cross-origin, strict-origin-when-cross-origin","expect-ct":"max-age=2592000, report-uri=\"https://api.github.com/_private/browser/errors\"","content-security-policy":"default-src 'none'; base-uri 'self'; block-all-mixed-content; connect-src 'self' uploads.github.com www.githubstatus.com collector.githubapp.com api.github.com github-cloud.s3.amazonaws.com github-production-repository-file-5c1aeb.s3.amazonaws.com github-production-upload-manifest-file-7fdce7.s3.amazonaws.com github-production-user-asset-6210df.s3.amazonaws.com cdn.optimizely.com logx.optimizely.com/v1/events translator.github.com wss://alive.github.com; font-src github.githubassets.com; form-action 'self' github.com gist.github.com; frame-ancestors 'none'; frame-src render.githubusercontent.com render-temp.githubusercontent.com viewscreen.githubusercontent.com; img-src 'self' data: github.githubassets.com identicons.github.com collector.githubapp.com github-cloud.s3.amazonaws.com secured-user-images.githubusercontent.com/ *.githubusercontent.com; manifest-src 'self'; media-src 'none'; script-src github.githubassets.com; style-src 'unsafe-inline' github.githubassets.com; worker-src github.com/socket-worker-3f088aa2.js gist.github.com/socket-worker-3f088aa2.js","x-github-request-id":"DF10:7132:1F00A67:2775FF6:60D8D6EC"}
[debug] [2021-06-27T19:52:14.740Z] >>> [apiv2][query] GET https://api.github.com/user [none]
[debug] [2021-06-27T19:52:15.350Z] <<< [apiv2][status] GET https://api.github.com/user 200
[debug] [2021-06-27T19:52:15.350Z] <<< [apiv2][body] GET https://api.github.com/user {"login":"charliedeus","id":5719966,"node_id":"MDQ6VXNlcjU3MTk5NjY=","avatar_url":"https://avatars.githubusercontent.com/u/5719966?v=4","gravatar_id":"","url":"https://api.github.com/users/charliedeus","html_url":"https://github.com/charliedeus","followers_url":"https://api.github.com/users/charliedeus/followers","following_url":"https://api.github.com/users/charliedeus/following{/other_user}","gists_url":"https://api.github.com/users/charliedeus/gists{/gist_id}","starred_url":"https://api.github.com/users/charliedeus/starred{/owner}{/repo}","subscriptions_url":"https://api.github.com/users/charliedeus/subscriptions","organizations_url":"https://api.github.com/users/charliedeus/orgs","repos_url":"https://api.github.com/users/charliedeus/repos","events_url":"https://api.github.com/users/charliedeus/events{/privacy}","received_events_url":"https://api.github.com/users/charliedeus/received_events","type":"User","site_admin":false,"name":"Charles de Deus","company":"Family","blog":"http://github.com/charliedeus","location":"Salvador - BA - Brasil","email":"charliedeus@gmail.com","hireable":null,"bio":"Analista de Sistemas, #softplayer, Web e Mobile, versado em Java, .NET, Ruby, RoR, HTML, CSS, JS, NodeJS, ExpressJS, VueJS, ReactJS, React Native...","twitter_username":null,"public_repos":43,"public_gists":0,"followers":6,"following":12,"created_at":"2013-10-18T16:36:56Z","updated_at":"2021-06-27T19:52:11Z","private_gists":1,"total_private_repos":15,"owned_private_repos":15,"disk_usage":362475,"collaborators":0,"two_factor_authentication":false,"plan":{"name":"free","space":976562499,"collaborators":0,"private_repos":10000}}
[info] 
[info] ✔  Success! Logged into GitHub as charliedeus 
[info] 
